# JRE version: OpenJDK Runtime Environment (21.0.8) (build 21.0.8+-14196175-b1038.72)
# Java VM: OpenJDK 64-Bit Server VM (21.0.8+-14196175-b1038.72, mixed mode, tiered, compressed oops, compressed class ptrs, g1 gc, windows-amd64)
GC Precious Log:
 CardTable entry size: 512
 Card Set container configuration: InlinePtr #cards 4 size 8 Array Of Cards #cards 32 size 80 Howl #buckets 8 coarsen threshold 7372 Howl Bitmap #cards 1024 size 144 coarsen threshold 921 Card regions per heap region 1 cards per card region 8192
 CPUs: 12 total, 12 available
 Memory: 7895M
 Large Page Support: Disabled
 NUMA Support: Disabled
 Compressed Oops: Enabled (Zero based)
 Heap Region Size: 4M
 Heap Min Capacity: 8M
 Heap Initial Capacity: 124M
 Heap Max Capacity: 8G
 Pre-touch: Disabled
 Parallel Workers: 10
 Concurrent Workers: 3
 Concurrent Refinement Workers: 10
 Periodic GC: Disabled
Heap:
 garbage-first heap   total 851968K, used 314326K [0x0000000600000000, 0x0000000800000000)
  region size 4096K, 5 young (20480K), 3 survivors (12288K)
 Metaspace       used 199116K, committed 202304K, reserved 1245184K
  class space    used 26513K, committed 28032K, reserved 1048576K
GC Heap History (20 events):
Event: 209.107 GC heap before
{Heap before GC invocations=67 (full 0):
 garbage-first heap   total 417792K, used 370293K [0x0000000600000000, 0x0000000800000000)
  region size 4096K, 33 young (135168K), 2 survivors (8192K)
 Metaspace       used 192487K, committed 195392K, reserved 1245184K
  class space    used 25832K, committed 27264K, reserved 1048576K
}
Event: 209.120 GC heap after
{Heap after GC invocations=68 (full 0):
 garbage-first heap   total 417792K, used 238638K [0x0000000600000000, 0x0000000800000000)
  region size 4096K, 4 young (16384K), 4 survivors (16384K)
 Metaspace       used 192487K, committed 195392K, reserved 1245184K
  class space    used 25832K, committed 27264K, reserved 1048576K
}
Event: 210.508 GC heap before
{Heap before GC invocations=68 (full 0):
 garbage-first heap   total 417792K, used 369710K [0x0000000600000000, 0x0000000800000000)
  region size 4096K, 37 young (151552K), 4 survivors (16384K)
 Metaspace       used 195008K, committed 197952K, reserved 1245184K
  class space    used 26192K, committed 27648K, reserved 1048576K
}
Event: 210.522 GC heap after
{Heap after GC invocations=69 (full 0):
 garbage-first heap   total 417792K, used 252089K [0x0000000600000000, 0x0000000800000000)
  region size 4096K, 5 young (20480K), 5 survivors (20480K)
 Metaspace       used 195008K, committed 197952K, reserved 1245184K
  class space    used 26192K, committed 27648K, reserved 1048576K
}
Event: 211.413 GC heap before
{Heap before GC invocations=70 (full 0):
 garbage-first heap   total 425984K, used 370873K [0x0000000600000000, 0x0000000800000000)
  region size 4096K, 34 young (139264K), 5 survivors (20480K)
 Metaspace       used 195345K, committed 198400K, reserved 1245184K
  class space    used 26246K, committed 27712K, reserved 1048576K
}
Event: 211.424 GC heap after
{Heap after GC invocations=71 (full 0):
 garbage-first heap   total 425984K, used 266092K [0x0000000600000000, 0x0000000800000000)
  region size 4096K, 4 young (16384K), 4 survivors (16384K)
 Metaspace       used 195345K, committed 198400K, reserved 1245184K
  class space    used 26246K, committed 27712K, reserved 1048576K
}
Event: 212.093 GC heap before
{Heap before GC invocations=71 (full 0):
 garbage-first heap   total 425984K, used 376684K [0x0000000600000000, 0x0000000800000000)
  region size 4096K, 32 young (131072K), 4 survivors (16384K)
 Metaspace       used 195572K, committed 198592K, reserved 1245184K
  class space    used 26269K, committed 27712K, reserved 1048576K
}
Event: 212.106 GC heap after
{Heap after GC invocations=72 (full 0):
 garbage-first heap   total 851968K, used 267867K [0x0000000600000000, 0x0000000800000000)
  region size 4096K, 3 young (12288K), 3 survivors (12288K)
 Metaspace       used 195572K, committed 198592K, reserved 1245184K
  class space    used 26269K, committed 27712K, reserved 1048576K
}
Event: 216.521 GC heap before
{Heap before GC invocations=72 (full 0):
 garbage-first heap   total 851968K, used 628315K [0x0000000600000000, 0x0000000800000000)
  region size 4096K, 92 young (376832K), 3 survivors (12288K)
 Metaspace       used 196481K, committed 199552K, reserved 1245184K
  class space    used 26378K, committed 27840K, reserved 1048576K
}
Event: 216.562 GC heap after
{Heap after GC invocations=73 (full 0):
 garbage-first heap   total 851968K, used 282808K [0x0000000600000000, 0x0000000800000000)
  region size 4096K, 8 young (32768K), 8 survivors (32768K)
 Metaspace       used 196481K, committed 199552K, reserved 1245184K
  class space    used 26378K, committed 27840K, reserved 1048576K
}
Event: 229.826 GC heap before
{Heap before GC invocations=74 (full 0):
 garbage-first heap   total 851968K, used 753848K [0x0000000600000000, 0x0000000800000000)
  region size 4096K, 119 young (487424K), 8 survivors (32768K)
 Metaspace       used 197794K, committed 200896K, reserved 1245184K
  class space    used 26397K, committed 27840K, reserved 1048576K
}
Event: 229.926 GC heap after
{Heap after GC invocations=75 (full 0):
 garbage-first heap   total 851968K, used 331776K [0x0000000600000000, 0x0000000800000000)
  region size 4096K, 15 young (61440K), 15 survivors (61440K)
 Metaspace       used 197794K, committed 200896K, reserved 1245184K
  class space    used 26397K, committed 27840K, reserved 1048576K
}
Event: 356.802 GC heap before
{Heap before GC invocations=75 (full 0):
 garbage-first heap   total 851968K, used 716800K [0x0000000600000000, 0x0000000800000000)
  region size 4096K, 110 young (450560K), 15 survivors (61440K)
 Metaspace       used 198794K, committed 201920K, reserved 1245184K
  class space    used 26480K, committed 27968K, reserved 1048576K
}
Event: 357.947 GC heap after
{Heap after GC invocations=76 (full 0):
 garbage-first heap   total 851968K, used 307561K [0x0000000600000000, 0x0000000800000000)
  region size 4096K, 4 young (16384K), 4 survivors (16384K)
 Metaspace       used 198794K, committed 201920K, reserved 1245184K
  class space    used 26480K, committed 27968K, reserved 1048576K
}
Event: 358.607 GC heap before
{Heap before GC invocations=76 (full 0):
 garbage-first heap   total 851968K, used 332137K [0x0000000600000000, 0x0000000800000000)
  region size 4096K, 10 young (40960K), 4 survivors (16384K)
 Metaspace       used 198798K, committed 201920K, reserved 1245184K
  class space    used 26480K, committed 27968K, reserved 1048576K
}
Event: 358.674 GC heap after
{Heap after GC invocations=77 (full 0):
 garbage-first heap   total 851968K, used 303559K [0x0000000600000000, 0x0000000800000000)
  region size 4096K, 1 young (4096K), 1 survivors (4096K)
 Metaspace       used 198798K, committed 201920K, reserved 1245184K
  class space    used 26480K, committed 27968K, reserved 1048576K
}
Event: 363.025 GC heap before
{Heap before GC invocations=77 (full 0):
 garbage-first heap   total 851968K, used 377287K [0x0000000600000000, 0x0000000800000000)
  region size 4096K, 19 young (77824K), 1 survivors (4096K)
 Metaspace       used 198967K, committed 202112K, reserved 1245184K
  class space    used 26496K, committed 27968K, reserved 1048576K
}
Event: 363.056 GC heap after
{Heap after GC invocations=78 (full 0):
 garbage-first heap   total 851968K, used 306872K [0x0000000600000000, 0x0000000800000000)
  region size 4096K, 2 young (8192K), 2 survivors (8192K)
 Metaspace       used 198967K, committed 202112K, reserved 1245184K
  class space    used 26496K, committed 27968K, reserved 1048576K
}
Event: 364.842 GC heap before
{Heap before GC invocations=78 (full 0):
 garbage-first heap   total 851968K, used 392888K [0x0000000600000000, 0x0000000800000000)
  region size 4096K, 24 young (98304K), 2 survivors (8192K)
 Metaspace       used 199102K, committed 202304K, reserved 1245184K
  class space    used 26513K, committed 28032K, reserved 1048576K
}
Event: 364.898 GC heap after
{Heap after GC invocations=79 (full 0):
 garbage-first heap   total 851968K, used 310230K [0x0000000600000000, 0x0000000800000000)
  region size 4096K, 3 young (12288K), 3 survivors (12288K)
 Metaspace       used 199102K, committed 202304K, reserved 1245184K
  class space    used 26513K, committed 28032K, reserved 1048576K
}

